<?xml version="1.0" encoding="UTF-8"?>
<!-- Generated by org.testng.reporters.JUnitReportReporter -->
<testsuite hostname="DESKTOP-LOQ3JTI" failures="0" tests="1" name="com.qa.opencart.tests.SearchTest" time="0.650" errors="0" timestamp="2025-05-16T19:17:35 IST" skipped="0">
  <testcase classname="com.qa.opencart.tests.SearchTest" name="searchTest" time="0.650"/>
  <system-out/>
</testsuite> <!-- com.qa.opencart.tests.SearchTest -->
